app/build/outputs/apk/manifest-merger-debug-report.txt
-- Merging decision tree log ---
manifest
ADDED from AndroidManifest.xml:2:1
	xmlns:android
		ADDED from AndroidManifest.xml:2:11
	package
		ADDED from AndroidManifest.xml:2:70
		INJECTED from AndroidManifest.xml:0:0
		INJECTED from AndroidManifest.xml:0:0
uses-sdk
ADDED from AndroidManifest.xml:3:5
	android:targetSdkVersion
		INJECTED from AndroidManifest.xml:0:0
		INJECTED from AndroidManifest.xml:0:0
	android:minSdkVersion
		ADDED from AndroidManifest.xml:3:15
		INJECTED from AndroidManifest.xml:0:0
		INJECTED from AndroidManifest.xml:0:0
application
ADDED from AndroidManifest.xml:4:5
	android:icon
		ADDED from AndroidManifest.xml:4:18
activity#com.android.demo.wifisampling.WiFiSampling
ADDED from AndroidManifest.xml:5:9
	android:label
		ADDED from AndroidManifest.xml:5:48
	android:name
		ADDED from AndroidManifest.xml:5:19
intent-filter#android.intent.action.MAIN+android.intent.category.LAUNCHER
ADDED from AndroidManifest.xml:6:13
action#android.intent.action.MAIN
ADDED from AndroidManifest.xml:7:17
	android:name
		ADDED from AndroidManifest.xml:7:25
category#android.intent.category.LAUNCHER
ADDED from AndroidManifest.xml:8:17
	android:name
		ADDED from AndroidManifest.xml:8:27
activity#com.android.demo.wifisampling.WiFiSamplingNav
ADDED from AndroidManifest.xml:11:9
	android:name
		ADDED from AndroidManifest.xml:11:19
activity#com.android.demo.wifisampling.RecordData
ADDED from AndroidManifest.xml:12:9
	android:name
		ADDED from AndroidManifest.xml:12:19
activity#com.android.demo.wifisampling.RecordNTransmit
ADDED from AndroidManifest.xml:13:9
	android:name
		ADDED from AndroidManifest.xml:13:19
uses-permission#android.permission.ACCESS_WIFI_STATE
ADDED from AndroidManifest.xml:16:3
	android:name
		ADDED from AndroidManifest.xml:16:20
uses-permission#android.permission.CHANGE_WIFI_STATE
ADDED from AndroidManifest.xml:17:3
	android:name
		ADDED from AndroidManifest.xml:17:20
uses-permission#android.permission.INTERNET
ADDED from AndroidManifest.xml:18:3
	android:name
		ADDED from AndroidManifest.xml:18:20
uses-permission#android.permission.ACCESS_NETWORK_STATE
ADDED from AndroidManifest.xml:19:3
	android:name
		ADDED from AndroidManifest.xml:19:20
uses-permission#android.permission.READ_PHONE_STATE
ADDED from AndroidManifest.xml:20:3
	android:name
		ADDED from AndroidManifest.xml:20:20
uses-permission#android.permission.WRITE_EXTERNAL_STORAGE
ADDED from AndroidManifest.xml:21:3
	android:name
		ADDED from AndroidManifest.xml:21:20